c:\git\xxx\xxx\xxx\debug\vc140.pdb
c:\git\xxx\xxx\xxx\debug\vc140.idb
c:\git\xxx\xxx\xxx\debug\assembler.obj
c:\git\xxx\xxx\xxx\debug\disassembler.obj
c:\git\xxx\xxx\xxx\debug\formater.obj
c:\git\xxx\xxx\xxx\debug\receiver.obj
c:\git\xxx\xxx\xxx\debug\recv_transport.obj
c:\git\xxx\xxx\xxx\debug\sender.obj
c:\git\xxx\xxx\xxx\debug\send_transport.obj
c:\git\xxx\xxx\xxx\debug\stdafx.obj
c:\git\xxx\xxx\xxx\debug\xxx.obj
e:\git\xxx\xxx\xxx\debug\vc140.pdb
e:\git\xxx\xxx\xxx\debug\vc140.idb
e:\git\xxx\xxx\xxx\debug\assembler.obj
e:\git\xxx\xxx\xxx\debug\disassembler.obj
e:\git\xxx\xxx\xxx\debug\formater.obj
e:\git\xxx\xxx\xxx\debug\receiver.obj
e:\git\xxx\xxx\xxx\debug\recv_transport.obj
e:\git\xxx\xxx\xxx\debug\sender.obj
e:\git\xxx\xxx\xxx\debug\send_transport.obj
e:\git\xxx\xxx\xxx\debug\stdafx.obj
e:\git\xxx\xxx\xxx\debug\xxx.obj
c:\git\xxx\xxx\debug\xxx.ilk
c:\git\xxx\xxx\debug\xxx.exe
c:\git\xxx\xxx\debug\xxx.pdb
e:\git\xxx\xxx\debug\xxx.ilk
e:\git\xxx\xxx\debug\xxx.exe
e:\git\xxx\xxx\debug\xxx.pdb
e:\git\xxx\xxx\xxx\debug\xxx.tlog\cl.command.1.tlog
e:\git\xxx\xxx\xxx\debug\xxx.tlog\cl.read.1.tlog
e:\git\xxx\xxx\xxx\debug\xxx.tlog\cl.write.1.tlog
e:\git\xxx\xxx\xxx\debug\xxx.tlog\link.command.1.tlog
e:\git\xxx\xxx\xxx\debug\xxx.tlog\link.read.1.tlog
e:\git\xxx\xxx\xxx\debug\xxx.tlog\link.write.1.tlog
