c:\git\xxx\xxx\windows\winxxx\debug\vc140.pdb
c:\git\xxx\xxx\windows\winxxx\debug\vc140.idb
c:\git\xxx\xxx\windows\winxxx\debug\assembler.obj
c:\git\xxx\xxx\windows\winxxx\debug\disassembler.obj
c:\git\xxx\xxx\windows\winxxx\debug\formater.obj
c:\git\xxx\xxx\windows\winxxx\debug\receiver.obj
c:\git\xxx\xxx\windows\winxxx\debug\recv_transport.obj
c:\git\xxx\xxx\windows\winxxx\debug\sender.obj
c:\git\xxx\xxx\windows\winxxx\debug\send_transport.obj
c:\git\xxx\xxx\windows\winxxx\debug\stdafx.obj
c:\git\xxx\xxx\windows\winxxx\debug\xxx.obj
c:\git\xxx\xxx\windows\winxxx\debug\winxxx.ilk
c:\git\xxx\xxx\windows\winxxx\debug\winxxx.exe
c:\git\xxx\xxx\windows\winxxx\debug\winxxx.pdb
c:\git\xxx\xxx\windows\winxxx\debug\winxxx.tlog\cl.command.1.tlog
c:\git\xxx\xxx\windows\winxxx\debug\winxxx.tlog\cl.read.1.tlog
c:\git\xxx\xxx\windows\winxxx\debug\winxxx.tlog\cl.write.1.tlog
c:\git\xxx\xxx\windows\winxxx\debug\winxxx.tlog\link.command.1.tlog
c:\git\xxx\xxx\windows\winxxx\debug\winxxx.tlog\link.read.1.tlog
c:\git\xxx\xxx\windows\winxxx\debug\winxxx.tlog\link.write.1.tlog
